<?xml version="1.0" encoding="UTF-8"?>
<!-- Generated by org.testng.reporters.JUnitReportReporter -->
<testsuite hostname="uday" name="com.practice.brokenlinks.testMethod" tests="1" failures="0" timestamp="8 May 2015 01:53:41 GMT" time="68.551" errors="0">
  <testcase name="testForBrokenLinks" time="68.551" classname="com.practice.brokenlinks.testMethod"/>
</testsuite> <!-- com.practice.brokenlinks.testMethod -->
